100. Printing statistics.

=== tensaurus ===

   Number of wires:                 88
   Number of wire bits:            141
   Number of public wires:          10
   Number of public wire bits:      63
   Number of ports:                 10
   Number of port bits:             63
   Number of memories:               0
   Number of memory bits:            0
   Number of processes:              0
   Number of cells:                113
     $_MUX_                         34
     $_NOT_                         35
     $_OR_                           9
     sky130_fd_sc_hd__dfrtp_2       35

   Area for cell type $_NOT_ is unknown!
   Area for cell type $_OR_ is unknown!
   Area for cell type $_MUX_ is unknown!

   Chip area for module '\tensaurus': 919.632000
     of which used for sequential elements: 919.632000 (100.00%)

