Running 'synthesis-AREA 0' at 'runs/RUN_2025-05-06_19-31-28/1-synthesis-area-0'…
Running 'synthesis-AREA 1' at 'runs/RUN_2025-05-06_19-31-28/1-synthesis-area-1'…
Running 'synthesis-AREA 2' at 'runs/RUN_2025-05-06_19-31-28/1-synthesis-area-2'…
Logging subprocess to [repr.filename]'runs/RUN_2025-05-06_19-31-28/1-synthesis-area-0/synthesis-area-0.log'[/repr.filename]…
Logging subprocess to [repr.filename]'runs/RUN_2025-05-06_19-31-28/1-synthesis-area-2/synthesis-area-2.log'[/repr.filename]…
Logging subprocess to [repr.filename]'runs/RUN_2025-05-06_19-31-28/1-synthesis-area-1/synthesis-area-1.log'[/repr.filename]…
Subprocess had a non-zero exit.
Subprocess had a non-zero exit.
Subprocess had a non-zero exit.
Last 10 line(s):

[INFO] Using generated ABC script '/Users/justinmalloy/My Drive (jamalloy@mit.edu)/(S6) Spring 2025/6.5930 Hardware Architecture for Deep Learning/rtl-goes-hard/tensaurus/runs/RUN_2025-05-06_19-31-28/1-synthesis-area-1/AREA_1.abc'…

101. Executing ABC pass (technology mapping using ABC).

101.1. Extracting gate netlist of module `\tensaurus' to `/tmp/yosys-abc-QeV86T/input.blif'..
Extracted 78 gates and 139 wires to a netlist network with 61 inputs and 70 outputs.

101.1.1. Executing ABC.
ERROR: Can't open ABC output file `/tmp/yosys-abc-QeV86T/output.blif'.

Last 10 line(s):

[INFO] Using generated ABC script '/Users/justinmalloy/My Drive (jamalloy@mit.edu)/(S6) Spring 2025/6.5930 Hardware Architecture for Deep Learning/rtl-goes-hard/tensaurus/runs/RUN_2025-05-06_19-31-28/1-synthesis-area-0/AREA_0.abc'…

101. Executing ABC pass (technology mapping using ABC).

101.1. Extracting gate netlist of module `\tensaurus' to `/tmp/yosys-abc-PNT1ml/input.blif'..
Extracted 78 gates and 139 wires to a netlist network with 61 inputs and 70 outputs.

101.1.1. Executing ABC.
ERROR: Can't open ABC output file `/tmp/yosys-abc-PNT1ml/output.blif'.

Last 10 line(s):

[INFO] Using generated ABC script '/Users/justinmalloy/My Drive (jamalloy@mit.edu)/(S6) Spring 2025/6.5930 Hardware Architecture for Deep Learning/rtl-goes-hard/tensaurus/runs/RUN_2025-05-06_19-31-28/1-synthesis-area-2/AREA_2.abc'…

101. Executing ABC pass (technology mapping using ABC).

101.1. Extracting gate netlist of module `\tensaurus' to `/tmp/yosys-abc-8qld4z/input.blif'..
Extracted 78 gates and 139 wires to a netlist network with 61 inputs and 70 outputs.

101.1.1. Executing ABC.
ERROR: Can't open ABC output file `/tmp/yosys-abc-8qld4z/output.blif'.

Full log file: 'runs/RUN_2025-05-06_19-31-28/1-synthesis-area-1/synthesis-area-1.log'
Full log file: 'runs/RUN_2025-05-06_19-31-28/1-synthesis-area-0/synthesis-area-0.log'
Full log file: 'runs/RUN_2025-05-06_19-31-28/1-synthesis-area-2/synthesis-area-2.log'
Running 'synthesis-AREA 3' at 'runs/RUN_2025-05-06_19-31-28/1-synthesis-area-3'…
Running 'synthesis-DELAY 0' at 'runs/RUN_2025-05-06_19-31-28/1-synthesis-delay-0'…
Running 'synthesis-DELAY 1' at 'runs/RUN_2025-05-06_19-31-28/1-synthesis-delay-1'…
Logging subprocess to [repr.filename]'runs/RUN_2025-05-06_19-31-28/1-synthesis-delay-1/synthesis-delay-1.log'[/repr.filename]…
Logging subprocess to [repr.filename]'runs/RUN_2025-05-06_19-31-28/1-synthesis-area-3/synthesis-area-3.log'[/repr.filename]…
Logging subprocess to [repr.filename]'runs/RUN_2025-05-06_19-31-28/1-synthesis-delay-0/synthesis-delay-0.log'[/repr.filename]…
Subprocess had a non-zero exit.
Last 10 line(s):

[INFO] Using generated ABC script '/Users/justinmalloy/My Drive (jamalloy@mit.edu)/(S6) Spring 2025/6.5930 Hardware Architecture for Deep Learning/rtl-goes-hard/tensaurus/runs/RUN_2025-05-06_19-31-28/1-synthesis-delay-1/DELAY_1.abc'…

101. Executing ABC pass (technology mapping using ABC).

101.1. Extracting gate netlist of module `\tensaurus' to `/tmp/yosys-abc-gMMiVo/input.blif'..
Extracted 78 gates and 139 wires to a netlist network with 61 inputs and 70 outputs.

101.1.1. Executing ABC.
ERROR: Can't open ABC output file `/tmp/yosys-abc-gMMiVo/output.blif'.

Full log file: 'runs/RUN_2025-05-06_19-31-28/1-synthesis-delay-1/synthesis-delay-1.log'
Running 'synthesis-DELAY 2' at 'runs/RUN_2025-05-06_19-31-28/1-synthesis-delay-2'…
Subprocess had a non-zero exit.
Last 10 line(s):

[INFO] Using generated ABC script '/Users/justinmalloy/My Drive (jamalloy@mit.edu)/(S6) Spring 2025/6.5930 Hardware Architecture for Deep Learning/rtl-goes-hard/tensaurus/runs/RUN_2025-05-06_19-31-28/1-synthesis-area-3/AREA_3.abc'…

101. Executing ABC pass (technology mapping using ABC).

101.1. Extracting gate netlist of module `\tensaurus' to `/tmp/yosys-abc-HKexwQ/input.blif'..
Extracted 78 gates and 139 wires to a netlist network with 61 inputs and 70 outputs.

101.1.1. Executing ABC.
ERROR: Can't open ABC output file `/tmp/yosys-abc-HKexwQ/output.blif'.

Subprocess had a non-zero exit.
Full log file: 'runs/RUN_2025-05-06_19-31-28/1-synthesis-area-3/synthesis-area-3.log'
Last 10 line(s):

[INFO] Using generated ABC script '/Users/justinmalloy/My Drive (jamalloy@mit.edu)/(S6) Spring 2025/6.5930 Hardware Architecture for Deep Learning/rtl-goes-hard/tensaurus/runs/RUN_2025-05-06_19-31-28/1-synthesis-delay-0/DELAY_0.abc'…

101. Executing ABC pass (technology mapping using ABC).

101.1. Extracting gate netlist of module `\tensaurus' to `/tmp/yosys-abc-dJQU3h/input.blif'..
Extracted 78 gates and 139 wires to a netlist network with 61 inputs and 70 outputs.

101.1.1. Executing ABC.
ERROR: Can't open ABC output file `/tmp/yosys-abc-dJQU3h/output.blif'.

Running 'synthesis-DELAY 3' at 'runs/RUN_2025-05-06_19-31-28/1-synthesis-delay-3'…
Full log file: 'runs/RUN_2025-05-06_19-31-28/1-synthesis-delay-0/synthesis-delay-0.log'
Running 'synthesis-DELAY 4' at 'runs/RUN_2025-05-06_19-31-28/1-synthesis-delay-4'…
Logging subprocess to [repr.filename]'runs/RUN_2025-05-06_19-31-28/1-synthesis-delay-2/synthesis-delay-2.log'[/repr.filename]…
Logging subprocess to [repr.filename]'runs/RUN_2025-05-06_19-31-28/1-synthesis-delay-3/synthesis-delay-3.log'[/repr.filename]…
Logging subprocess to [repr.filename]'runs/RUN_2025-05-06_19-31-28/1-synthesis-delay-4/synthesis-delay-4.log'[/repr.filename]…
Subprocess had a non-zero exit.
Subprocess had a non-zero exit.
Last 10 line(s):

[INFO] Using generated ABC script '/Users/justinmalloy/My Drive (jamalloy@mit.edu)/(S6) Spring 2025/6.5930 Hardware Architecture for Deep Learning/rtl-goes-hard/tensaurus/runs/RUN_2025-05-06_19-31-28/1-synthesis-delay-2/DELAY_2.abc'…

101. Executing ABC pass (technology mapping using ABC).

101.1. Extracting gate netlist of module `\tensaurus' to `/tmp/yosys-abc-y7Dao9/input.blif'..
Extracted 78 gates and 139 wires to a netlist network with 61 inputs and 70 outputs.

101.1.1. Executing ABC.
ERROR: Can't open ABC output file `/tmp/yosys-abc-y7Dao9/output.blif'.

Last 10 line(s):

[INFO] Using generated ABC script '/Users/justinmalloy/My Drive (jamalloy@mit.edu)/(S6) Spring 2025/6.5930 Hardware Architecture for Deep Learning/rtl-goes-hard/tensaurus/runs/RUN_2025-05-06_19-31-28/1-synthesis-delay-3/DELAY_3.abc'…

101. Executing ABC pass (technology mapping using ABC).

101.1. Extracting gate netlist of module `\tensaurus' to `/tmp/yosys-abc-DzuvWa/input.blif'..
Extracted 78 gates and 139 wires to a netlist network with 61 inputs and 70 outputs.

101.1.1. Executing ABC.
ERROR: Can't open ABC output file `/tmp/yosys-abc-DzuvWa/output.blif'.

Full log file: 'runs/RUN_2025-05-06_19-31-28/1-synthesis-delay-2/synthesis-delay-2.log'
Subprocess had a non-zero exit.
Full log file: 'runs/RUN_2025-05-06_19-31-28/1-synthesis-delay-3/synthesis-delay-3.log'
Last 10 line(s):

[INFO] Using generated ABC script '/Users/justinmalloy/My Drive (jamalloy@mit.edu)/(S6) Spring 2025/6.5930 Hardware Architecture for Deep Learning/rtl-goes-hard/tensaurus/runs/RUN_2025-05-06_19-31-28/1-synthesis-delay-4/DELAY_4.abc'…

101. Executing ABC pass (technology mapping using ABC).

101.1. Extracting gate netlist of module `\tensaurus' to `/tmp/yosys-abc-M82kTQ/input.blif'..
Extracted 78 gates and 139 wires to a netlist network with 61 inputs and 70 outputs.

101.1.1. Executing ABC.
ERROR: Can't open ABC output file `/tmp/yosys-abc-M82kTQ/output.blif'.

Full log file: 'runs/RUN_2025-05-06_19-31-28/1-synthesis-delay-4/synthesis-delay-4.log'
