#! /opt/homebrew/Cellar/icarus-verilog/12.0/bin/vvp
:ivl_version "12.0 (stable)";
:ivl_delay_selection "TYPICAL";
:vpi_time_precision - 12;
:vpi_module "/opt/homebrew/Cellar/icarus-verilog/12.0/lib/ivl/system.vpi";
:vpi_module "/opt/homebrew/Cellar/icarus-verilog/12.0/lib/ivl/vhdl_sys.vpi";
:vpi_module "/opt/homebrew/Cellar/icarus-verilog/12.0/lib/ivl/vhdl_textio.vpi";
:vpi_module "/opt/homebrew/Cellar/icarus-verilog/12.0/lib/ivl/v2005_math.vpi";
:vpi_module "/opt/homebrew/Cellar/icarus-verilog/12.0/lib/ivl/va_math.vpi";
:vpi_module "/opt/homebrew/Cellar/icarus-verilog/12.0/lib/ivl/v2009.vpi";
S_0x148704db0 .scope package, "$unit" "$unit" 2 1;
 .timescale 0 0;
S_0x14870f030 .scope module, "highlight" "highlight" 3 4;
 .timescale -9 -12;
    .port_info 0 /INPUT 1 "clk";
    .port_info 1 /INPUT 1 "rst";
    .port_info 2 /INPUT 128 "blocks";
    .port_info 3 /INPUT 4 "block_selector";
    .port_info 4 /INPUT 1 "blocks_valid_in";
    .port_info 5 /INPUT 8 "word_selector";
    .port_info 6 /OUTPUT 32 "words_out";
    .port_info 7 /OUTPUT 1 "words_valid_out";
P_0x148706600 .param/l "WORD_SIZE" 0 3 6, +C4<00000000000000000000000000001000>;
o0x140030010 .functor BUFZ 4, C4<zzzz>; HiZ drive
v0x148704f20_0 .net "block_selector", 3 0, o0x140030010;  0 drivers
o0x140030040 .functor BUFZ 128, C4<zzzzzzzzzzzzzzzzzzzzzzzzzzzzzzzzzzzzzzzzzzzzzzzzzzzzzzzzzzzzzzzzzzzzzzzzzzzzzzzzzzzzzzzzzzzzzzzzzzzzzzzzzzzzzzzzzzzzzzzzzzzzzzzz>; HiZ drive
v0x14871ee20_0 .net "blocks", 127 0, o0x140030040;  0 drivers
o0x140030070 .functor BUFZ 1, C4<z>; HiZ drive
v0x14871eef0_0 .net "blocks_valid_in", 0 0, o0x140030070;  0 drivers
o0x1400300a0 .functor BUFZ 1, C4<z>; HiZ drive
v0x14871efa0_0 .net "clk", 0 0, o0x1400300a0;  0 drivers
o0x1400300d0 .functor BUFZ 1, C4<z>; HiZ drive
v0x14871f040_0 .net "rst", 0 0, o0x1400300d0;  0 drivers
v0x14871f120_0 .var "stored_blocks", 63 0;
v0x14871f1f0_0 .var "stored_blocks_valid", 0 0;
o0x140030160 .functor BUFZ 8, C4<zzzzzzzz>; HiZ drive
v0x14871f290_0 .net "word_selector", 7 0, o0x140030160;  0 drivers
v0x14871f360_0 .var "words_out", 31 0;
v0x14871f480_0 .var "words_valid_out", 0 0;
E_0x1487074d0 .event posedge, v0x14871efa0_0;
    .scope S_0x14870f030;
T_0 ;
    %wait E_0x1487074d0;
    %load/vec4 v0x14871f040_0;
    %flag_set/vec4 8;
    %jmp/0xz  T_0.0, 8;
    %pushi/vec4 0, 0, 32;
    %assign/vec4 v0x14871f360_0, 0;
    %pushi/vec4 0, 0, 1;
    %assign/vec4 v0x14871f480_0, 0;
    %pushi/vec4 0, 0, 64;
    %assign/vec4 v0x14871f120_0, 0;
    %pushi/vec4 0, 0, 1;
    %assign/vec4 v0x14871f1f0_0, 0;
    %jmp T_0.1;
T_0.0 ;
    %load/vec4 v0x14871eef0_0;
    %flag_set/vec4 8;
    %jmp/0xz  T_0.2, 8;
    %load/vec4 v0x14871ee20_0;
    %load/vec4 v0x14871f290_0;
    %parti/s 4, 0, 2;
    %pad/u 9;
    %muli 32, 0, 9;
    %part/u 32;
    %ix/load 4, 0, 0;
    %ix/load 5, 0, 0;
    %flag_set/imm 4, 0;
    %assign/vec4/off/d v0x14871f120_0, 4, 5;
    %load/vec4 v0x14871ee20_0;
    %load/vec4 v0x14871f290_0;
    %parti/s 4, 4, 4;
    %pad/u 9;
    %muli 32, 0, 9;
    %part/u 32;
    %ix/load 4, 32, 0;
    %ix/load 5, 0, 0;
    %flag_set/imm 4, 0;
    %assign/vec4/off/d v0x14871f120_0, 4, 5;
    %pushi/vec4 1, 0, 1;
    %assign/vec4 v0x14871f1f0_0, 0;
    %jmp T_0.3;
T_0.2 ;
    %pushi/vec4 0, 0, 1;
    %assign/vec4 v0x14871f1f0_0, 0;
T_0.3 ;
    %load/vec4 v0x14871f1f0_0;
    %flag_set/vec4 8;
    %jmp/0xz  T_0.4, 8;
    %load/vec4 v0x14871f120_0;
    %load/vec4 v0x14871f290_0;
    %parti/s 2, 0, 2;
    %pad/u 7;
    %muli 32, 0, 7;
    %part/u 32;
    %pad/u 1;
    %ix/load 4, 0, 0;
    %ix/load 5, 0, 0;
    %flag_set/imm 4, 0;
    %assign/vec4/off/d v0x14871f360_0, 4, 5;
    %load/vec4 v0x14871f120_0;
    %load/vec4 v0x14871f290_0;
    %parti/s 2, 2, 3;
    %pad/u 7;
    %muli 32, 0, 7;
    %part/u 32;
    %pad/u 1;
    %ix/load 4, 1, 0;
    %ix/load 5, 0, 0;
    %flag_set/imm 4, 0;
    %assign/vec4/off/d v0x14871f360_0, 4, 5;
    %load/vec4 v0x14871f120_0;
    %load/vec4 v0x14871f290_0;
    %parti/s 2, 4, 4;
    %pad/u 7;
    %muli 32, 0, 7;
    %part/u 32;
    %pad/u 1;
    %ix/load 4, 8, 0;
    %ix/load 5, 0, 0;
    %flag_set/imm 4, 0;
    %assign/vec4/off/d v0x14871f360_0, 4, 5;
    %load/vec4 v0x14871f120_0;
    %load/vec4 v0x14871f290_0;
    %parti/s 2, 6, 4;
    %pad/u 7;
    %muli 32, 0, 7;
    %part/u 32;
    %pad/u 1;
    %ix/load 4, 9, 0;
    %ix/load 5, 0, 0;
    %flag_set/imm 4, 0;
    %assign/vec4/off/d v0x14871f360_0, 4, 5;
    %pushi/vec4 1, 0, 1;
    %assign/vec4 v0x14871f480_0, 0;
    %jmp T_0.5;
T_0.4 ;
    %pushi/vec4 0, 0, 1;
    %assign/vec4 v0x14871f480_0, 0;
T_0.5 ;
T_0.1 ;
    %jmp T_0;
    .thread T_0;
# The file index is used to find the file name in the following table.
:file_names 4;
    "N/A";
    "<interactive>";
    "-";
    "highlight.sv";
